This file contains any messages produced by compilers while
running configure, to aid debugging if configure makes a mistake.

It was created by starrynite configure 1.3.3, which was
generated by GNU Autoconf 2.61.  Invocation command line was

  $ ../configure 

## --------- ##
## Platform. ##
## --------- ##

hostname = MSKI0646.local
uname -m = i386
uname -r = 9.5.0
uname -s = Darwin
uname -v = Darwin Kernel Version 9.5.0: Wed Sep  3 11:29:43 PDT 2008; root:xnu-1228.7.58~1/RELEASE_I386

/usr/bin/uname -p = i386
/bin/uname -X     = unknown

/bin/arch              = unknown
/usr/bin/arch -k       = unknown
/usr/convex/getsysinfo = unknown
/usr/bin/hostinfo      = Mach kernel version:
	 Darwin Kernel Version 9.5.0: Wed Sep  3 11:29:43 PDT 2008; root:xnu-1228.7.58~1/RELEASE_I386
Kernel configured for up to 4 processors.
4 processors are physically available.
4 processors are logically available.
Processor type: i486 (Intel 80486)
Processors active: 0 1 2 3
Primary memory available: 2.00 gigabytes
Default processor set: 59 tasks, 227 threads, 4 processors
Load average: 0.20, Mach factor: 3.78
/bin/machine           = unknown
/usr/bin/oslevel       = unknown
/bin/universe          = unknown

PATH: /usr/bin
PATH: /bin
PATH: /usr/sbin
PATH: /sbin
PATH: /usr/local/bin
PATH: /usr/X11/bin


## ----------- ##
## Core tests. ##
## ----------- ##

configure:1934: checking for a BSD-compatible install
configure:1990: result: /usr/bin/install -c
configure:2001: checking whether build environment is sane
configure:2044: result: yes
configure:2068: WARNING: `missing' script is too old or missing
configure:2072: checking for a thread-safe mkdir -p
configure:2111: result: ../build-aux/install-sh -c -d
configure:2124: checking for gawk
configure:2154: result: no
configure:2124: checking for mawk
configure:2154: result: no
configure:2124: checking for nawk
configure:2154: result: no
configure:2124: checking for awk
configure:2140: found /usr/bin/awk
configure:2151: result: awk
configure:2162: checking whether make sets $(MAKE)
configure:2183: result: yes
configure:2207: error: source directory already configured; run "make distclean" there first

## ---------------- ##
## Cache variables. ##
## ---------------- ##

ac_cv_env_CC_set=
ac_cv_env_CC_value=
ac_cv_env_CFLAGS_set=
ac_cv_env_CFLAGS_value=
ac_cv_env_CPPFLAGS_set=
ac_cv_env_CPPFLAGS_value=
ac_cv_env_CPP_set=
ac_cv_env_CPP_value=
ac_cv_env_GPERF_set=
ac_cv_env_GPERF_value=
ac_cv_env_LDFLAGS_set=
ac_cv_env_LDFLAGS_value=
ac_cv_env_LIBS_set=
ac_cv_env_LIBS_value=
ac_cv_env_build_alias_set=
ac_cv_env_build_alias_value=
ac_cv_env_host_alias_set=
ac_cv_env_host_alias_value=
ac_cv_env_target_alias_set=
ac_cv_env_target_alias_value=
ac_cv_path_install='/usr/bin/install -c'
ac_cv_prog_AWK=awk
ac_cv_prog_make_make_set=yes

## ----------------- ##
## Output variables. ##
## ----------------- ##

ACLOCAL=''
AMDEPBACKSLASH=''
AMDEP_FALSE=''
AMDEP_TRUE=''
AMTAR=''
AUTOCONF=''
AUTOHEADER=''
AUTOMAKE=''
AWK='awk'
BITSIZEOF_PTRDIFF_T=''
BITSIZEOF_SIG_ATOMIC_T=''
BITSIZEOF_SIZE_T=''
BITSIZEOF_WCHAR_T=''
BITSIZEOF_WINT_T=''
CC=''
CCDEPMODE=''
CFLAGS=''
CPP=''
CPPFLAGS=''
CYGPATH_W=''
DEFS=''
DEPDIR=''
ECHO_C='ECHO_N=''
ECHO_T=''
EGREP=''
EXEEXT=''
GL_COND_LIBTOOL_FALSE=''
GL_COND_LIBTOOL_TRUE=''
GNULIB_CALLOC_POSIX=''
GNULIB_CHOWN=''
GNULIB_DUP2=''
GNULIB_ENVIRON=''
GNULIB_FCHDIR=''
GNULIB_FTRUNCATE=''
GNULIB_GETCWD=''
GNULIB_GETLOGIN_R=''
GNULIB_GETPAGESIZE=''
GNULIB_GETSUBOPT=''
GNULIB_LCHOWN=''
GNULIB_LSEEK=''
GNULIB_MALLOC_POSIX=''
GNULIB_MBSCASECMP=''
GNULIB_MBSCASESTR=''
GNULIB_MBSCHR=''
GNULIB_MBSCSPN=''
GNULIB_MBSLEN=''
GNULIB_MBSNCASECMP=''
GNULIB_MBSNLEN=''
GNULIB_MBSPBRK=''
GNULIB_MBSPCASECMP=''
GNULIB_MBSRCHR=''
GNULIB_MBSSEP=''
GNULIB_MBSSPN=''
GNULIB_MBSSTR=''
GNULIB_MBSTOK_R=''
GNULIB_MEMMEM=''
GNULIB_MEMPCPY=''
GNULIB_MEMRCHR=''
GNULIB_MKDTEMP=''
GNULIB_MKSTEMP=''
GNULIB_PUTENV=''
GNULIB_READLINK=''
GNULIB_REALLOC_POSIX=''
GNULIB_SETENV=''
GNULIB_SLEEP=''
GNULIB_STPCPY=''
GNULIB_STPNCPY=''
GNULIB_STRCASESTR=''
GNULIB_STRCHRNUL=''
GNULIB_STRDUP=''
GNULIB_STRERROR=''
GNULIB_STRNDUP=''
GNULIB_STRNLEN=''
GNULIB_STRPBRK=''
GNULIB_STRSEP=''
GNULIB_STRSIGNAL=''
GNULIB_STRSTR=''
GNULIB_STRTOK_R=''
GNULIB_UNSETENV=''
GNULIB_WCWIDTH=''
GPERF=''
GREP=''
HAVE_CALLOC_POSIX=''
HAVE_DECL_ENVIRON=''
HAVE_DECL_GETLOGIN_R=''
HAVE_DECL_MEMMEM=''
HAVE_DECL_MEMRCHR=''
HAVE_DECL_STRDUP=''
HAVE_DECL_STRERROR=''
HAVE_DECL_STRNDUP=''
HAVE_DECL_STRNLEN=''
HAVE_DECL_STRSIGNAL=''
HAVE_DECL_STRTOK_R=''
HAVE_DECL_WCWIDTH=''
HAVE_DUP2=''
HAVE_FTRUNCATE=''
HAVE_GETPAGESIZE=''
HAVE_GETSUBOPT=''
HAVE_GPERF_FALSE=''
HAVE_GPERF_TRUE=''
HAVE_INTTYPES_H=''
HAVE_LONG_LONG_INT=''
HAVE_MALLOC_POSIX=''
HAVE_MEMPCPY=''
HAVE_MKDTEMP=''
HAVE_OS_H=''
HAVE_READLINK=''
HAVE_REALLOC_POSIX=''
HAVE_SETENV=''
HAVE_SIGNED_SIG_ATOMIC_T=''
HAVE_SIGNED_WCHAR_T=''
HAVE_SIGNED_WINT_T=''
HAVE_SLEEP=''
HAVE_STDINT_H=''
HAVE_STPCPY=''
HAVE_STPNCPY=''
HAVE_STRCASESTR=''
HAVE_STRCHRNUL=''
HAVE_STRNDUP=''
HAVE_STRPBRK=''
HAVE_STRSEP=''
HAVE_SYS_BITYPES_H=''
HAVE_SYS_INTTYPES_H=''
HAVE_SYS_PARAM_H=''
HAVE_SYS_TYPES_H=''
HAVE_UNISTD_H=''
HAVE_UNSETENV=''
HAVE_UNSIGNED_LONG_LONG_INT=''
HAVE_WCHAR_H=''
HAVE__BOOL=''
INCLUDE_NEXT=''
INSTALL_DATA='${INSTALL} -m 644'
INSTALL_PROGRAM='${INSTALL}'
INSTALL_SCRIPT='${INSTALL}'
INSTALL_STRIP_PROGRAM=''
LDFLAGS=''
LIBGNU_LIBDEPS=''
LIBGNU_LTLIBDEPS=''
LIBOBJS=''
LIBS=''
LIBTESTS_LIBDEPS=''
LTLIBOBJS=''
MAINT=''
MAINTAINER_MODE_FALSE=''
MAINTAINER_MODE_TRUE=''
MAKEINFO=''
NEXT_STDINT_H=''
NEXT_STDLIB_H=''
NEXT_STRING_H=''
NEXT_UNISTD_H=''
NEXT_WCHAR_H=''
OBJEXT=''
PACKAGE=''
PACKAGE_BUGREPORT='starrynite-devel@lists.sourceforge.net'
PACKAGE_NAME='starrynite'
PACKAGE_STRING='starrynite 1.3.3'
PACKAGE_TARNAME='starrynite'
PACKAGE_VERSION='1.3.3'
PATH_SEPARATOR=':'
PTRDIFF_T_SUFFIX=''
RANLIB=''
REPLACE_CHOWN=''
REPLACE_FCHDIR=''
REPLACE_GETCWD=''
REPLACE_GETPAGESIZE=''
REPLACE_LCHOWN=''
REPLACE_LSEEK=''
REPLACE_MEMMEM=''
REPLACE_MKSTEMP=''
REPLACE_PUTENV=''
REPLACE_STRCASESTR=''
REPLACE_STRERROR=''
REPLACE_STRSIGNAL=''
REPLACE_STRSTR=''
REPLACE_WCWIDTH=''
SET_MAKE=''
SHELL='/bin/sh'
SIG_ATOMIC_T_SUFFIX=''
SIZE_T_SUFFIX=''
STDBOOL_H=''
STDINT_H=''
STRIP=''
VERSION=''
VOID_UNSETENV=''
WCHAR_H=''
WCHAR_T_SUFFIX=''
WINT_T_SUFFIX=''
ac_ct_CC=''
am__fastdepCC_FALSE=''
am__fastdepCC_TRUE=''
am__include=''
am__isrc=' -I$(srcdir)'
am__leading_dot='.'
am__quote=''
am__tar=''
am__untar=''
bindir='${exec_prefix}/bin'
build_alias=''
datadir='${datarootdir}'
datarootdir='${prefix}/share'
docdir='${datarootdir}/doc/${PACKAGE_TARNAME}'
dvidir='${docdir}'
exec_prefix='NONE'
gl_LIBOBJS=''
gl_LTLIBOBJS=''
gltests_LIBOBJS=''
gltests_LTLIBOBJS=''
host_alias=''
htmldir='${docdir}'
includedir='${prefix}/include'
infodir='${datarootdir}/info'
install_sh=''
libdir='${exec_prefix}/lib'
libexecdir='${exec_prefix}/libexec'
localedir='${datarootdir}/locale'
localstatedir='${prefix}/var'
mandir='${datarootdir}/man'
mkdir_p='$(top_builddir)/../build-aux/install-sh -c -d'
oldincludedir='/usr/include'
pdfdir='${docdir}'
prefix='NONE'
program_transform_name='s,x,x,'
psdir='${docdir}'
sbindir='${exec_prefix}/sbin'
sharedstatedir='${prefix}/com'
sysconfdir='${prefix}/etc'
target_alias=''

## ----------- ##
## confdefs.h. ##
## ----------- ##

#define PACKAGE_NAME "starrynite"
#define PACKAGE_TARNAME "starrynite"
#define PACKAGE_VERSION "1.3.3"
#define PACKAGE_STRING "starrynite 1.3.3"
#define PACKAGE_BUGREPORT "starrynite-devel@lists.sourceforge.net"

configure: exit 1
