This file contains any messages produced by compilers while
running configure, to aid debugging if configure makes a mistake.

It was created by starrynite configure 1.3.3, which was
generated by GNU Autoconf 2.61.  Invocation command line was

  $ ./configure 

## --------- ##
## Platform. ##
## --------- ##

hostname = WSKI3071
uname -m = i686
uname -r = 1.5.25(0.156/4/2)
uname -s = CYGWIN_NT-5.1
uname -v = 2008-06-12 19:34

/usr/bin/uname -p = unknown
/bin/uname -X     = unknown

/bin/arch              = i686
/usr/bin/arch -k       = unknown
/usr/convex/getsysinfo = unknown
/usr/bin/hostinfo      = unknown
/bin/machine           = unknown
/usr/bin/oslevel       = unknown
/bin/universe          = unknown

PATH: /usr/local/bin
PATH: /usr/bin
PATH: /bin
PATH: /usr/X11R6/bin
PATH: /cygdrive/c/Sun/SDK/jdk/bin
PATH: /cygdrive/c/FileNET/IDM
PATH: /cygdrive/c/WINDOWS/system32
PATH: /cygdrive/c/WINDOWS
PATH: /cygdrive/c/WINDOWS/System32/Wbem
PATH: /cygdrive/c/Program Files/Reflection/
PATH: /cygdrive/c/Program Files/MATLAB/MATLAB Component Runtime/v76/runtime/win32
PATH: /cygdrive/c/Program Files/MATLAB/R2008a/bin
PATH: /cygdrive/c/Program Files/MATLAB/R2008a/bin/win32
PATH: /cygdrive/c/Program Files/Common Files/Adobe/AGL
PATH: /cygdrive/c/Program Files/Microsoft SQL Server/90/Tools/binn/
PATH: /cygdrive/c/Program Files/QuickTime/QTSystem/
PATH: /cygdrive/c/Sun/SDK/bin


## ----------- ##
## Core tests. ##
## ----------- ##

configure:1934: checking for a BSD-compatible install
configure:1990: result: /usr/bin/install -c
configure:2001: checking whether build environment is sane
configure:2044: result: yes
configure:2068: WARNING: `missing' script is too old or missing
configure:2072: checking for a thread-safe mkdir -p
configure:2111: result: /usr/bin/mkdir -p
configure:2124: checking for gawk
configure:2140: found /usr/bin/gawk
configure:2151: result: gawk
configure:2162: checking whether make sets $(MAKE)
configure:2183: result: yes
configure:2421: checking for gcc
configure:2437: found /usr/bin/gcc
configure:2448: result: gcc
configure:2686: checking for C compiler version
configure:2693: gcc --version >&5
gcc (GCC) 3.4.4 (cygming special, gdc 0.12, using dmd 0.125)
Copyright (C) 2004 Free Software Foundation, Inc.
This is free software; see the source for copying conditions.  There is NO
warranty; not even for MERCHANTABILITY or FITNESS FOR A PARTICULAR PURPOSE.

configure:2696: $? = 0
configure:2703: gcc -v >&5
Reading specs from /usr/lib/gcc/i686-pc-cygwin/3.4.4/specs
Configured with: /managed/gcc-build/final-v3-bootstrap/gcc-3.4.4-999/configure --verbose --program-suffix=-3 --prefix=/usr --exec-prefix=/usr --sysconfdir=/etc --libdir=/usr/lib --libexecdir=/usr/lib --mandir=/usr/share/man --infodir=/usr/share/info --enable-languages=c,ada,c++,d,f77,pascal,java,objc --enable-nls --without-included-gettext --enable-version-specific-runtime-libs --without-x --enable-libgcj --disable-java-awt --with-system-zlib --enable-interpreter --disable-libgcj-debug --enable-threads=posix --enable-java-gc=boehm --disable-win32-registry --enable-sjlj-exceptions --enable-hash-synchronization --enable-libstdcxx-debug
Thread model: posix
gcc version 3.4.4 (cygming special, gdc 0.12, using dmd 0.125)
configure:2706: $? = 0
configure:2713: gcc -V >&5
gcc: `-V' option must have argument
configure:2716: $? = 1
configure:2739: checking for C compiler default output file name
configure:2766: gcc    conftest.c  >&5
configure:2769: $? = 0
configure:2807: result: a.exe
configure:2824: checking whether the C compiler works
configure:2834: ./a.exe
configure:2837: $? = 0
configure:2854: result: yes
configure:2861: checking whether we are cross compiling
configure:2863: result: no
configure:2866: checking for suffix of executables
configure:2873: gcc -o conftest.exe    conftest.c  >&5
configure:2876: $? = 0
configure:2900: result: .exe
configure:2906: checking for suffix of object files
configure:2932: gcc -c   conftest.c >&5
configure:2935: $? = 0
configure:2958: result: o
configure:2962: checking whether we are using the GNU C compiler
configure:2991: gcc -c   conftest.c >&5
configure:2997: $? = 0
configure:3014: result: yes
configure:3019: checking whether gcc accepts -g
configure:3049: gcc -c -g  conftest.c >&5
configure:3055: $? = 0
configure:3154: result: yes
configure:3171: checking for gcc option to accept ISO C89
configure:3245: gcc  -c -g -O2  conftest.c >&5
configure:3251: $? = 0
configure:3274: result: none needed
configure:3303: checking for style of include used by make
configure:3331: result: GNU
configure:3356: checking dependency style of gcc
configure:3447: result: gcc3
configure:3505: checking for ranlib
configure:3521: found /usr/bin/ranlib
configure:3532: result: ranlib
configure:3564: checking how to run the C preprocessor
configure:3604: gcc -E  conftest.c
configure:3610: $? = 0
configure:3641: gcc -E  conftest.c
conftest.c:10:28: ac_nonexistent.h: No such file or directory
configure:3647: $? = 1
configure: failed program was:
| /* confdefs.h.  */
| #define PACKAGE_NAME "starrynite"
| #define PACKAGE_TARNAME "starrynite"
| #define PACKAGE_VERSION "1.3.3"
| #define PACKAGE_STRING "starrynite 1.3.3"
| #define PACKAGE_BUGREPORT "starrynite-devel@lists.sourceforge.net"
| #define PACKAGE "starrynite"
| #define VERSION "1.3.3"
| /* end confdefs.h.  */
| #include <ac_nonexistent.h>
configure:3680: result: gcc -E
configure:3709: gcc -E  conftest.c
configure:3715: $? = 0
configure:3746: gcc -E  conftest.c
conftest.c:10:28: ac_nonexistent.h: No such file or directory
configure:3752: $? = 1
configure: failed program was:
| /* confdefs.h.  */
| #define PACKAGE_NAME "starrynite"
| #define PACKAGE_TARNAME "starrynite"
| #define PACKAGE_VERSION "1.3.3"
| #define PACKAGE_STRING "starrynite 1.3.3"
| #define PACKAGE_BUGREPORT "starrynite-devel@lists.sourceforge.net"
| #define PACKAGE "starrynite"
| #define VERSION "1.3.3"
| /* end confdefs.h.  */
| #include <ac_nonexistent.h>
configure:3790: checking for grep that handles long lines and -e
configure:3864: result: /usr/bin/grep
configure:3869: checking for egrep
configure:3947: result: /usr/bin/grep -E
configure:3952: checking for ANSI C header files
configure:3982: gcc -c -g -O2  conftest.c >&5
configure:3988: $? = 0
configure:4087: gcc -o conftest.exe -g -O2   conftest.c  >&5
configure:4090: $? = 0
configure:4096: ./conftest.exe
configure:4099: $? = 0
configure:4116: result: yes
configure:4140: checking for sys/types.h
configure:4161: gcc -c -g -O2  conftest.c >&5
configure:4167: $? = 0
configure:4183: result: yes
configure:4140: checking for sys/stat.h
configure:4161: gcc -c -g -O2  conftest.c >&5
configure:4167: $? = 0
configure:4183: result: yes
configure:4140: checking for stdlib.h
configure:4161: gcc -c -g -O2  conftest.c >&5
configure:4167: $? = 0
configure:4183: result: yes
configure:4140: checking for string.h
configure:4161: gcc -c -g -O2  conftest.c >&5
configure:4167: $? = 0
configure:4183: result: yes
configure:4140: checking for memory.h
configure:4161: gcc -c -g -O2  conftest.c >&5
configure:4167: $? = 0
configure:4183: result: yes
configure:4140: checking for strings.h
configure:4161: gcc -c -g -O2  conftest.c >&5
configure:4167: $? = 0
configure:4183: result: yes
configure:4140: checking for inttypes.h
configure:4161: gcc -c -g -O2  conftest.c >&5
configure:4167: $? = 0
configure:4183: result: yes
configure:4140: checking for stdint.h
configure:4161: gcc -c -g -O2  conftest.c >&5
configure:4167: $? = 0
configure:4183: result: yes
configure:4140: checking for unistd.h
configure:4161: gcc -c -g -O2  conftest.c >&5
configure:4167: $? = 0
configure:4183: result: yes
configure:4206: checking minix/config.h usability
configure:4223: gcc -c -g -O2  conftest.c >&5
conftest.c:53:26: minix/config.h: No such file or directory
configure:4229: $? = 1
configure: failed program was:
| /* confdefs.h.  */
| #define PACKAGE_NAME "starrynite"
| #define PACKAGE_TARNAME "starrynite"
| #define PACKAGE_VERSION "1.3.3"
| #define PACKAGE_STRING "starrynite 1.3.3"
| #define PACKAGE_BUGREPORT "starrynite-devel@lists.sourceforge.net"
| #define PACKAGE "starrynite"
| #define VERSION "1.3.3"
| #define STDC_HEADERS 1
| #define HAVE_SYS_TYPES_H 1
| #define HAVE_SYS_STAT_H 1
| #define HAVE_STDLIB_H 1
| #define HAVE_STRING_H 1
| #define HAVE_MEMORY_H 1
| #define HAVE_STRINGS_H 1
| #define HAVE_INTTYPES_H 1
| #define HAVE_STDINT_H 1
| #define HAVE_UNISTD_H 1
| /* end confdefs.h.  */
| #include <stdio.h>
| #ifdef HAVE_SYS_TYPES_H
| # include <sys/types.h>
| #endif
| #ifdef HAVE_SYS_STAT_H
| # include <sys/stat.h>
| #endif
| #ifdef STDC_HEADERS
| # include <stdlib.h>
| # include <stddef.h>
| #else
| # ifdef HAVE_STDLIB_H
| #  include <stdlib.h>
| # endif
| #endif
| #ifdef HAVE_STRING_H
| # if !defined STDC_HEADERS && defined HAVE_MEMORY_H
| #  include <memory.h>
| # endif
| # include <string.h>
| #endif
| #ifdef HAVE_STRINGS_H
| # include <strings.h>
| #endif
| #ifdef HAVE_INTTYPES_H
| # include <inttypes.h>
| #endif
| #ifdef HAVE_STDINT_H
| # include <stdint.h>
| #endif
| #ifdef HAVE_UNISTD_H
| # include <unistd.h>
| #endif
| #include <minix/config.h>
configure:4243: result: no
configure:4247: checking minix/config.h presence
configure:4262: gcc -E  conftest.c
conftest.c:20:26: minix/config.h: No such file or directory
configure:4268: $? = 1
configure: failed program was:
| /* confdefs.h.  */
| #define PACKAGE_NAME "starrynite"
| #define PACKAGE_TARNAME "starrynite"
| #define PACKAGE_VERSION "1.3.3"
| #define PACKAGE_STRING "starrynite 1.3.3"
| #define PACKAGE_BUGREPORT "starrynite-devel@lists.sourceforge.net"
| #define PACKAGE "starrynite"
| #define VERSION "1.3.3"
| #define STDC_HEADERS 1
| #define HAVE_SYS_TYPES_H 1
| #define HAVE_SYS_STAT_H 1
| #define HAVE_STDLIB_H 1
| #define HAVE_STRING_H 1
| #define HAVE_MEMORY_H 1
| #define HAVE_STRINGS_H 1
| #define HAVE_INTTYPES_H 1
| #define HAVE_STDINT_H 1
| #define HAVE_UNISTD_H 1
| /* end confdefs.h.  */
| #include <minix/config.h>
configure:4282: result: no
configure:4315: checking for minix/config.h
configure:4322: result: no
configure:4353: checking whether it is safe to define __EXTENSIONS__
configure:4381: gcc -c -g -O2  conftest.c >&5
configure:4387: $? = 0
configure:4402: result: yes
configure:4431: checking for gcc option to accept ISO C99
configure:4590: gcc  -c -g -O2  conftest.c >&5
conftest.c:75: error: parse error before "text"
conftest.c: In function `test_restrict':
conftest.c:80: error: 'for' loop initial declaration used outside C99 mode
conftest.c:80: error: `text' undeclared (first use in this function)
conftest.c:80: error: (Each undeclared identifier is reported only once
conftest.c:80: error: for each function it appears in.)
conftest.c: In function `main':
conftest.c:129: error: syntax error before "newvar"
conftest.c:139: error: 'for' loop initial declaration used outside C99 mode
conftest.c:155: error: `newvar' undeclared (first use in this function)
configure:4596: $? = 1
configure: failed program was:
| /* confdefs.h.  */
| #define PACKAGE_NAME "starrynite"
| #define PACKAGE_TARNAME "starrynite"
| #define PACKAGE_VERSION "1.3.3"
| #define PACKAGE_STRING "starrynite 1.3.3"
| #define PACKAGE_BUGREPORT "starrynite-devel@lists.sourceforge.net"
| #define PACKAGE "starrynite"
| #define VERSION "1.3.3"
| #define STDC_HEADERS 1
| #define HAVE_SYS_TYPES_H 1
| #define HAVE_SYS_STAT_H 1
| #define HAVE_STDLIB_H 1
| #define HAVE_STRING_H 1
| #define HAVE_MEMORY_H 1
| #define HAVE_STRINGS_H 1
| #define HAVE_INTTYPES_H 1
| #define HAVE_STDINT_H 1
| #define HAVE_UNISTD_H 1
| #define __EXTENSIONS__ 1
| #define _ALL_SOURCE 1
| #define _GNU_SOURCE 1
| #define _POSIX_PTHREAD_SEMANTICS 1
| #define _TANDEM_SOURCE 1
| /* end confdefs.h.  */
| #include <stdarg.h>
| #include <stdbool.h>
| #include <stdlib.h>
| #include <wchar.h>
| #include <stdio.h>
| 
| // Check varargs macros.  These examples are taken from C99 6.10.3.5.
| #define debug(...) fprintf (stderr, __VA_ARGS__)
| #define showlist(...) puts (#__VA_ARGS__)
| #define report(test,...) ((test) ? puts (#test) : printf (__VA_ARGS__))
| static void
| test_varargs_macros (void)
| {
|   int x = 1234;
|   int y = 5678;
|   debug ("Flag");
|   debug ("X = %d\n", x);
|   showlist (The first, second, and third items.);
|   report (x>y, "x is %d but y is %d", x, y);
| }
| 
| // Check long long types.
| #define BIG64 18446744073709551615ull
| #define BIG32 4294967295ul
| #define BIG_OK (BIG64 / BIG32 == 4294967297ull && BIG64 % BIG32 == 0)
| #if !BIG_OK
|   your preprocessor is broken;
| #endif
| #if BIG_OK
| #else
|   your preprocessor is broken;
| #endif
| static long long int bignum = -9223372036854775807LL;
| static unsigned long long int ubignum = BIG64;
| 
| struct incomplete_array
| {
|   int datasize;
|   double data[];
| };
| 
| struct named_init {
|   int number;
|   const wchar_t *name;
|   double average;
| };
| 
| typedef const char *ccp;
| 
| static inline int
| test_restrict (ccp restrict text)
| {
|   // See if C++-style comments work.
|   // Iterate through items via the restricted pointer.
|   // Also check for declarations in for loops.
|   for (unsigned int i = 0; *(text+i) != '\0'; ++i)
|     continue;
|   return 0;
| }
| 
| // Check varargs and va_copy.
| static void
| test_varargs (const char *format, ...)
| {
|   va_list args;
|   va_start (args, format);
|   va_list args_copy;
|   va_copy (args_copy, args);
| 
|   const char *str;
|   int number;
|   float fnumber;
| 
|   while (*format)
|     {
|       switch (*format++)
| 	{
| 	case 's': // string
| 	  str = va_arg (args_copy, const char *);
| 	  break;
| 	case 'd': // int
| 	  number = va_arg (args_copy, int);
| 	  break;
| 	case 'f': // float
| 	  fnumber = va_arg (args_copy, double);
| 	  break;
| 	default:
| 	  break;
| 	}
|     }
|   va_end (args_copy);
|   va_end (args);
| }
| 
| int
| main ()
| {
| 
|   // Check bool.
|   _Bool success = false;
| 
|   // Check restrict.
|   if (test_restrict ("String literal") == 0)
|     success = true;
|   char *restrict newvar = "Another string";
| 
|   // Check varargs.
|   test_varargs ("s, d' f .", "string", 65, 34.234);
|   test_varargs_macros ();
| 
|   // Check flexible array members.
|   struct incomplete_array *ia =
|     malloc (sizeof (struct incomplete_array) + (sizeof (double) * 10));
|   ia->datasize = 10;
|   for (int i = 0; i < ia->datasize; ++i)
|     ia->data[i] = i * 1.234;
| 
|   // Check named initializers.
|   struct named_init ni = {
|     .number = 34,
|     .name = L"Test wide string",
|     .average = 543.34343,
|   };
| 
|   ni.number = 58;
| 
|   int dynamic_array[ni.number];
|   dynamic_array[ni.number - 1] = 543;
| 
|   // work around unused variable warnings
|   return (!success || bignum == 0LL || ubignum == 0uLL || newvar[0] == 'x'
| 	  || dynamic_array[ni.number - 1] != 543);
| 
|   ;
|   return 0;
| }
configure:4590: gcc -std=gnu99 -c -g -O2  conftest.c >&5
configure:4596: $? = 0
configure:4626: result: -std=gnu99
configure:4636: checking for gperf
configure:4667: result: no
configure:4688: checking for sqrt in -lm
configure:4723: gcc -std=gnu99 -o conftest.exe -g -O2   conftest.c -lm   >&5
conftest.c:32: warning: conflicting types for built-in function 'sqrt'
configure:4729: $? = 0
configure:4747: result: yes
configure:4759: checking for TIFFOpen in -ltiff
configure:4794: gcc -std=gnu99 -o conftest.exe -g -O2   conftest.c -ltiff  -lm  >&5
configure:4800: $? = 0
configure:4818: result: yes
configure:4836: checking for ANSI C header files
configure:5000: result: yes
configure:5035: checking OS.h usability
configure:5052: gcc -std=gnu99 -c -g -O2  conftest.c >&5
conftest.c:61:16: OS.h: No such file or directory
configure:5058: $? = 1
configure: failed program was:
| /* confdefs.h.  */
| #define PACKAGE_NAME "starrynite"
| #define PACKAGE_TARNAME "starrynite"
| #define PACKAGE_VERSION "1.3.3"
| #define PACKAGE_STRING "starrynite 1.3.3"
| #define PACKAGE_BUGREPORT "starrynite-devel@lists.sourceforge.net"
| #define PACKAGE "starrynite"
| #define VERSION "1.3.3"
| #define STDC_HEADERS 1
| #define HAVE_SYS_TYPES_H 1
| #define HAVE_SYS_STAT_H 1
| #define HAVE_STDLIB_H 1
| #define HAVE_STRING_H 1
| #define HAVE_MEMORY_H 1
| #define HAVE_STRINGS_H 1
| #define HAVE_INTTYPES_H 1
| #define HAVE_STDINT_H 1
| #define HAVE_UNISTD_H 1
| #define __EXTENSIONS__ 1
| #define _ALL_SOURCE 1
| #define _GNU_SOURCE 1
| #define _POSIX_PTHREAD_SEMANTICS 1
| #define _TANDEM_SOURCE 1
| #define HAVE_LIBM 1
| #define HAVE_LIBTIFF 1
| #define STDC_HEADERS 1
| /* end confdefs.h.  */
| #include <stdio.h>
| #ifdef HAVE_SYS_TYPES_H
| # include <sys/types.h>
| #endif
| #ifdef HAVE_SYS_STAT_H
| # include <sys/stat.h>
| #endif
| #ifdef STDC_HEADERS
| # include <stdlib.h>
| # include <stddef.h>
| #else
| # ifdef HAVE_STDLIB_H
| #  include <stdlib.h>
| # endif
| #endif
| #ifdef HAVE_STRING_H
| # if !defined STDC_HEADERS && defined HAVE_MEMORY_H
| #  include <memory.h>
| # endif
| # include <string.h>
| #endif
| #ifdef HAVE_STRINGS_H
| # include <strings.h>
| #endif
| #ifdef HAVE_INTTYPES_H
| # include <inttypes.h>
| #endif
| #ifdef HAVE_STDINT_H
| # include <stdint.h>
| #endif
| #ifdef HAVE_UNISTD_H
| # include <unistd.h>
| #endif
| #include <OS.h>
configure:5072: result: no
configure:5076: checking OS.h presence
configure:5091: gcc -E  conftest.c
conftest.c:28:16: OS.h: No such file or directory
configure:5097: $? = 1
configure: failed program was:
| /* confdefs.h.  */
| #define PACKAGE_NAME "starrynite"
| #define PACKAGE_TARNAME "starrynite"
| #define PACKAGE_VERSION "1.3.3"
| #define PACKAGE_STRING "starrynite 1.3.3"
| #define PACKAGE_BUGREPORT "starrynite-devel@lists.sourceforge.net"
| #define PACKAGE "starrynite"
| #define VERSION "1.3.3"
| #define STDC_HEADERS 1
| #define HAVE_SYS_TYPES_H 1
| #define HAVE_SYS_STAT_H 1
| #define HAVE_STDLIB_H 1
| #define HAVE_STRING_H 1
| #define HAVE_MEMORY_H 1
| #define HAVE_STRINGS_H 1
| #define HAVE_INTTYPES_H 1
| #define HAVE_STDINT_H 1
| #define HAVE_UNISTD_H 1
| #define __EXTENSIONS__ 1
| #define _ALL_SOURCE 1
| #define _GNU_SOURCE 1
| #define _POSIX_PTHREAD_SEMANTICS 1
| #define _TANDEM_SOURCE 1
| #define HAVE_LIBM 1
| #define HAVE_LIBTIFF 1
| #define STDC_HEADERS 1
| /* end confdefs.h.  */
| #include <OS.h>
configure:5111: result: no
configure:5144: checking for OS.h
configure:5152: result: no
configure:5025: checking for inttypes.h
configure:5031: result: yes
configure:5035: checking limits.h usability
configure:5052: gcc -std=gnu99 -c -g -O2  conftest.c >&5
configure:5058: $? = 0
configure:5072: result: yes
configure:5076: checking limits.h presence
configure:5091: gcc -E  conftest.c
configure:5097: $? = 0
configure:5111: result: yes
configure:5144: checking for limits.h
configure:5152: result: yes
configure:5035: checking stddef.h usability
configure:5052: gcc -std=gnu99 -c -g -O2  conftest.c >&5
configure:5058: $? = 0
configure:5072: result: yes
configure:5076: checking stddef.h presence
configure:5091: gcc -E  conftest.c
configure:5097: $? = 0
configure:5111: result: yes
configure:5144: checking for stddef.h
configure:5152: result: yes
configure:5025: checking for stdint.h
configure:5031: result: yes
configure:5025: checking for stdlib.h
configure:5031: result: yes
configure:5025: checking for string.h
configure:5031: result: yes
configure:5035: checking sys/param.h usability
configure:5052: gcc -std=gnu99 -c -g -O2  conftest.c >&5
configure:5058: $? = 0
configure:5072: result: yes
configure:5076: checking sys/param.h presence
configure:5091: gcc -E  conftest.c
configure:5097: $? = 0
configure:5111: result: yes
configure:5144: checking for sys/param.h
configure:5152: result: yes
configure:5025: checking for unistd.h
configure:5031: result: yes
configure:5035: checking wchar.h usability
configure:5052: gcc -std=gnu99 -c -g -O2  conftest.c >&5
configure:5058: $? = 0
configure:5072: result: yes
configure:5076: checking wchar.h presence
configure:5091: gcc -E  conftest.c
configure:5097: $? = 0
configure:5111: result: yes
configure:5144: checking for wchar.h
configure:5152: result: yes
configure:5167: checking for stdbool.h that conforms to C99
configure:5260: gcc -std=gnu99 -c -g -O2  conftest.c >&5
configure:5266: $? = 0
configure:5281: result: yes
configure:5283: checking for _Bool
configure:5313: gcc -std=gnu99 -c -g -O2  conftest.c >&5
configure:5319: $? = 0
configure:5334: result: yes
configure:5352: checking for an ANSI C-conforming const
configure:5427: gcc -std=gnu99 -c -g -O2  conftest.c >&5
configure:5433: $? = 0
configure:5448: result: yes
configure:5458: checking for uid_t in sys/types.h
configure:5481: result: yes
configure:5496: checking for inline
configure:5522: gcc -std=gnu99 -c -g -O2  conftest.c >&5
configure:5528: $? = 0
configure:5546: result: inline
configure:5566: checking for int16_t
configure:5597: gcc -std=gnu99 -c -g -O2  conftest.c >&5
configure:5603: $? = 0
configure:5632: gcc -std=gnu99 -c -g -O2  conftest.c >&5
conftest.c: In function `main':
conftest.c:76: error: size of array `test_array' is negative
configure:5638: $? = 1
configure: failed program was:
| /* confdefs.h.  */
| #define PACKAGE_NAME "starrynite"
| #define PACKAGE_TARNAME "starrynite"
| #define PACKAGE_VERSION "1.3.3"
| #define PACKAGE_STRING "starrynite 1.3.3"
| #define PACKAGE_BUGREPORT "starrynite-devel@lists.sourceforge.net"
| #define PACKAGE "starrynite"
| #define VERSION "1.3.3"
| #define STDC_HEADERS 1
| #define HAVE_SYS_TYPES_H 1
| #define HAVE_SYS_STAT_H 1
| #define HAVE_STDLIB_H 1
| #define HAVE_STRING_H 1
| #define HAVE_MEMORY_H 1
| #define HAVE_STRINGS_H 1
| #define HAVE_INTTYPES_H 1
| #define HAVE_STDINT_H 1
| #define HAVE_UNISTD_H 1
| #define __EXTENSIONS__ 1
| #define _ALL_SOURCE 1
| #define _GNU_SOURCE 1
| #define _POSIX_PTHREAD_SEMANTICS 1
| #define _TANDEM_SOURCE 1
| #define HAVE_LIBM 1
| #define HAVE_LIBTIFF 1
| #define STDC_HEADERS 1
| #define HAVE_INTTYPES_H 1
| #define HAVE_LIMITS_H 1
| #define HAVE_STDDEF_H 1
| #define HAVE_STDINT_H 1
| #define HAVE_STDLIB_H 1
| #define HAVE_STRING_H 1
| #define HAVE_SYS_PARAM_H 1
| #define HAVE_UNISTD_H 1
| #define HAVE_WCHAR_H 1
| #define HAVE__BOOL 1
| #define HAVE_STDBOOL_H 1
| /* end confdefs.h.  */
| #include <stdio.h>
| #ifdef HAVE_SYS_TYPES_H
| # include <sys/types.h>
| #endif
| #ifdef HAVE_SYS_STAT_H
| # include <sys/stat.h>
| #endif
| #ifdef STDC_HEADERS
| # include <stdlib.h>
| # include <stddef.h>
| #else
| # ifdef HAVE_STDLIB_H
| #  include <stdlib.h>
| # endif
| #endif
| #ifdef HAVE_STRING_H
| # if !defined STDC_HEADERS && defined HAVE_MEMORY_H
| #  include <memory.h>
| # endif
| # include <string.h>
| #endif
| #ifdef HAVE_STRINGS_H
| # include <strings.h>
| #endif
| #ifdef HAVE_INTTYPES_H
| # include <inttypes.h>
| #endif
| #ifdef HAVE_STDINT_H
| # include <stdint.h>
| #endif
| #ifdef HAVE_UNISTD_H
| # include <unistd.h>
| #endif
| int
| main ()
| {
| static int test_array [1 - 2 * !((int16_t) ((((int16_t) 1 << (16 - 2)) - 1) * 2 + 1)
| 	         < (int16_t) ((((int16_t) 1 << (16 - 2)) - 1) * 2 + 2))];
| test_array [0] = 0
| 
|   ;
|   return 0;
| }
configure:5667: result: yes
configure:5680: checking for int32_t
configure:5711: gcc -std=gnu99 -c -g -O2  conftest.c >&5
configure:5717: $? = 0
configure:5746: gcc -std=gnu99 -c -g -O2  conftest.c >&5
conftest.c: In function `main':
conftest.c:76: warning: integer overflow in expression
conftest.c:76: error: size of array `test_array' is negative
configure:5752: $? = 1
configure: failed program was:
| /* confdefs.h.  */
| #define PACKAGE_NAME "starrynite"
| #define PACKAGE_TARNAME "starrynite"
| #define PACKAGE_VERSION "1.3.3"
| #define PACKAGE_STRING "starrynite 1.3.3"
| #define PACKAGE_BUGREPORT "starrynite-devel@lists.sourceforge.net"
| #define PACKAGE "starrynite"
| #define VERSION "1.3.3"
| #define STDC_HEADERS 1
| #define HAVE_SYS_TYPES_H 1
| #define HAVE_SYS_STAT_H 1
| #define HAVE_STDLIB_H 1
| #define HAVE_STRING_H 1
| #define HAVE_MEMORY_H 1
| #define HAVE_STRINGS_H 1
| #define HAVE_INTTYPES_H 1
| #define HAVE_STDINT_H 1
| #define HAVE_UNISTD_H 1
| #define __EXTENSIONS__ 1
| #define _ALL_SOURCE 1
| #define _GNU_SOURCE 1
| #define _POSIX_PTHREAD_SEMANTICS 1
| #define _TANDEM_SOURCE 1
| #define HAVE_LIBM 1
| #define HAVE_LIBTIFF 1
| #define STDC_HEADERS 1
| #define HAVE_INTTYPES_H 1
| #define HAVE_LIMITS_H 1
| #define HAVE_STDDEF_H 1
| #define HAVE_STDINT_H 1
| #define HAVE_STDLIB_H 1
| #define HAVE_STRING_H 1
| #define HAVE_SYS_PARAM_H 1
| #define HAVE_UNISTD_H 1
| #define HAVE_WCHAR_H 1
| #define HAVE__BOOL 1
| #define HAVE_STDBOOL_H 1
| /* end confdefs.h.  */
| #include <stdio.h>
| #ifdef HAVE_SYS_TYPES_H
| # include <sys/types.h>
| #endif
| #ifdef HAVE_SYS_STAT_H
| # include <sys/stat.h>
| #endif
| #ifdef STDC_HEADERS
| # include <stdlib.h>
| # include <stddef.h>
| #else
| # ifdef HAVE_STDLIB_H
| #  include <stdlib.h>
| # endif
| #endif
| #ifdef HAVE_STRING_H
| # if !defined STDC_HEADERS && defined HAVE_MEMORY_H
| #  include <memory.h>
| # endif
| # include <string.h>
| #endif
| #ifdef HAVE_STRINGS_H
| # include <strings.h>
| #endif
| #ifdef HAVE_INTTYPES_H
| # include <inttypes.h>
| #endif
| #ifdef HAVE_STDINT_H
| # include <stdint.h>
| #endif
| #ifdef HAVE_UNISTD_H
| # include <unistd.h>
| #endif
| int
| main ()
| {
| static int test_array [1 - 2 * !((int32_t) ((((int32_t) 1 << (32 - 2)) - 1) * 2 + 1)
| 	         < (int32_t) ((((int32_t) 1 << (32 - 2)) - 1) * 2 + 2))];
| test_array [0] = 0
| 
|   ;
|   return 0;
| }
configure:5781: result: yes
configure:5794: checking for int64_t
configure:5825: gcc -std=gnu99 -c -g -O2  conftest.c >&5
configure:5831: $? = 0
configure:5860: gcc -std=gnu99 -c -g -O2  conftest.c >&5
conftest.c: In function `main':
conftest.c:76: warning: integer overflow in expression
conftest.c:76: error: size of array `test_array' is negative
configure:5866: $? = 1
configure: failed program was:
| /* confdefs.h.  */
| #define PACKAGE_NAME "starrynite"
| #define PACKAGE_TARNAME "starrynite"
| #define PACKAGE_VERSION "1.3.3"
| #define PACKAGE_STRING "starrynite 1.3.3"
| #define PACKAGE_BUGREPORT "starrynite-devel@lists.sourceforge.net"
| #define PACKAGE "starrynite"
| #define VERSION "1.3.3"
| #define STDC_HEADERS 1
| #define HAVE_SYS_TYPES_H 1
| #define HAVE_SYS_STAT_H 1
| #define HAVE_STDLIB_H 1
| #define HAVE_STRING_H 1
| #define HAVE_MEMORY_H 1
| #define HAVE_STRINGS_H 1
| #define HAVE_INTTYPES_H 1
| #define HAVE_STDINT_H 1
| #define HAVE_UNISTD_H 1
| #define __EXTENSIONS__ 1
| #define _ALL_SOURCE 1
| #define _GNU_SOURCE 1
| #define _POSIX_PTHREAD_SEMANTICS 1
| #define _TANDEM_SOURCE 1
| #define HAVE_LIBM 1
| #define HAVE_LIBTIFF 1
| #define STDC_HEADERS 1
| #define HAVE_INTTYPES_H 1
| #define HAVE_LIMITS_H 1
| #define HAVE_STDDEF_H 1
| #define HAVE_STDINT_H 1
| #define HAVE_STDLIB_H 1
| #define HAVE_STRING_H 1
| #define HAVE_SYS_PARAM_H 1
| #define HAVE_UNISTD_H 1
| #define HAVE_WCHAR_H 1
| #define HAVE__BOOL 1
| #define HAVE_STDBOOL_H 1
| /* end confdefs.h.  */
| #include <stdio.h>
| #ifdef HAVE_SYS_TYPES_H
| # include <sys/types.h>
| #endif
| #ifdef HAVE_SYS_STAT_H
| # include <sys/stat.h>
| #endif
| #ifdef STDC_HEADERS
| # include <stdlib.h>
| # include <stddef.h>
| #else
| # ifdef HAVE_STDLIB_H
| #  include <stdlib.h>
| # endif
| #endif
| #ifdef HAVE_STRING_H
| # if !defined STDC_HEADERS && defined HAVE_MEMORY_H
| #  include <memory.h>
| # endif
| # include <string.h>
| #endif
| #ifdef HAVE_STRINGS_H
| # include <strings.h>
| #endif
| #ifdef HAVE_INTTYPES_H
| # include <inttypes.h>
| #endif
| #ifdef HAVE_STDINT_H
| # include <stdint.h>
| #endif
| #ifdef HAVE_UNISTD_H
| # include <unistd.h>
| #endif
| int
| main ()
| {
| static int test_array [1 - 2 * !((int64_t) ((((int64_t) 1 << (64 - 2)) - 1) * 2 + 1)
| 	         < (int64_t) ((((int64_t) 1 << (64 - 2)) - 1) * 2 + 2))];
| test_array [0] = 0
| 
|   ;
|   return 0;
| }
configure:5895: result: yes
configure:5908: checking for int8_t
configure:5939: gcc -std=gnu99 -c -g -O2  conftest.c >&5
configure:5945: $? = 0
configure:5974: gcc -std=gnu99 -c -g -O2  conftest.c >&5
conftest.c: In function `main':
conftest.c:76: error: size of array `test_array' is negative
configure:5980: $? = 1
configure: failed program was:
| /* confdefs.h.  */
| #define PACKAGE_NAME "starrynite"
| #define PACKAGE_TARNAME "starrynite"
| #define PACKAGE_VERSION "1.3.3"
| #define PACKAGE_STRING "starrynite 1.3.3"
| #define PACKAGE_BUGREPORT "starrynite-devel@lists.sourceforge.net"
| #define PACKAGE "starrynite"
| #define VERSION "1.3.3"
| #define STDC_HEADERS 1
| #define HAVE_SYS_TYPES_H 1
| #define HAVE_SYS_STAT_H 1
| #define HAVE_STDLIB_H 1
| #define HAVE_STRING_H 1
| #define HAVE_MEMORY_H 1
| #define HAVE_STRINGS_H 1
| #define HAVE_INTTYPES_H 1
| #define HAVE_STDINT_H 1
| #define HAVE_UNISTD_H 1
| #define __EXTENSIONS__ 1
| #define _ALL_SOURCE 1
| #define _GNU_SOURCE 1
| #define _POSIX_PTHREAD_SEMANTICS 1
| #define _TANDEM_SOURCE 1
| #define HAVE_LIBM 1
| #define HAVE_LIBTIFF 1
| #define STDC_HEADERS 1
| #define HAVE_INTTYPES_H 1
| #define HAVE_LIMITS_H 1
| #define HAVE_STDDEF_H 1
| #define HAVE_STDINT_H 1
| #define HAVE_STDLIB_H 1
| #define HAVE_STRING_H 1
| #define HAVE_SYS_PARAM_H 1
| #define HAVE_UNISTD_H 1
| #define HAVE_WCHAR_H 1
| #define HAVE__BOOL 1
| #define HAVE_STDBOOL_H 1
| /* end confdefs.h.  */
| #include <stdio.h>
| #ifdef HAVE_SYS_TYPES_H
| # include <sys/types.h>
| #endif
| #ifdef HAVE_SYS_STAT_H
| # include <sys/stat.h>
| #endif
| #ifdef STDC_HEADERS
| # include <stdlib.h>
| # include <stddef.h>
| #else
| # ifdef HAVE_STDLIB_H
| #  include <stdlib.h>
| # endif
| #endif
| #ifdef HAVE_STRING_H
| # if !defined STDC_HEADERS && defined HAVE_MEMORY_H
| #  include <memory.h>
| # endif
| # include <string.h>
| #endif
| #ifdef HAVE_STRINGS_H
| # include <strings.h>
| #endif
| #ifdef HAVE_INTTYPES_H
| # include <inttypes.h>
| #endif
| #ifdef HAVE_STDINT_H
| # include <stdint.h>
| #endif
| #ifdef HAVE_UNISTD_H
| # include <unistd.h>
| #endif
| int
| main ()
| {
| static int test_array [1 - 2 * !((int8_t) ((((int8_t) 1 << (8 - 2)) - 1) * 2 + 1)
| 	         < (int8_t) ((((int8_t) 1 << (8 - 2)) - 1) * 2 + 2))];
| test_array [0] = 0
| 
|   ;
|   return 0;
| }
configure:6009: result: yes
configure:6021: checking for off_t
configure:6051: gcc -std=gnu99 -c -g -O2  conftest.c >&5
configure:6057: $? = 0
configure:6072: result: yes
configure:6084: checking for pid_t
configure:6114: gcc -std=gnu99 -c -g -O2  conftest.c >&5
configure:6120: $? = 0
configure:6135: result: yes
configure:6147: checking for C/C++ restrict keyword
configure:6182: gcc -std=gnu99 -c -g -O2  conftest.c >&5
configure:6188: $? = 0
configure:6206: result: __restrict
configure:6222: checking for size_t
configure:6252: gcc -std=gnu99 -c -g -O2  conftest.c >&5
configure:6258: $? = 0
configure:6273: result: yes
configure:6285: checking for ssize_t
configure:6315: gcc -std=gnu99 -c -g -O2  conftest.c >&5
configure:6321: $? = 0
configure:6336: result: yes
configure:6348: checking whether struct tm is in sys/time.h or time.h
configure:6378: gcc -std=gnu99 -c -g -O2  conftest.c >&5
configure:6384: $? = 0
configure:6399: result: time.h
configure:6410: checking for uint16_t
configure:6441: gcc -std=gnu99 -c -g -O2  conftest.c >&5
configure:6447: $? = 0
configure:6468: result: yes
configure:6482: checking for uint32_t
configure:6513: gcc -std=gnu99 -c -g -O2  conftest.c >&5
configure:6519: $? = 0
configure:6540: result: yes
configure:6558: checking for uint64_t
configure:6589: gcc -std=gnu99 -c -g -O2  conftest.c >&5
configure:6595: $? = 0
configure:6616: result: yes
configure:6634: checking for uint8_t
configure:6665: gcc -std=gnu99 -c -g -O2  conftest.c >&5
configure:6671: $? = 0
configure:6692: result: yes
configure:6709: checking for ptrdiff_t
configure:6739: gcc -std=gnu99 -c -g -O2  conftest.c >&5
configure:6745: $? = 0
configure:6760: result: yes
configure:6778: checking for unistd.h
configure:6784: result: yes
configure:6918: checking for working chown
configure:6961: gcc -std=gnu99 -o conftest.exe -g -O2   conftest.c -ltiff -lm  >&5
configure:6964: $? = 0
configure:6970: ./conftest.exe
configure:6973: $? = 0
configure:6991: result: yes
configure:7006: checking for stdlib.h
configure:7012: result: yes
configure:7146: checking for GNU libc compatible malloc
configure:7180: gcc -std=gnu99 -o conftest.exe -g -O2   conftest.c -ltiff -lm  >&5
configure:7183: $? = 0
configure:7189: ./conftest.exe
configure:7192: $? = 0
configure:7208: result: yes
configure:7241: checking for stdlib.h
configure:7247: result: yes
configure:7381: checking for GNU libc compatible realloc
configure:7415: gcc -std=gnu99 -o conftest.exe -g -O2   conftest.c -ltiff -lm  >&5
configure:7418: $? = 0
configure:7424: ./conftest.exe
configure:7427: $? = 0
configure:7443: result: yes
configure:7471: checking for working strnlen
configure:7515: gcc -std=gnu99 -o conftest.exe -g -O2   conftest.c -ltiff -lm  >&5
configure:7518: $? = 0
configure:7524: ./conftest.exe
configure:7527: $? = 0
configure:7543: result: yes
configure:7578: checking for dup2
configure:7634: gcc -std=gnu99 -o conftest.exe -g -O2   conftest.c -ltiff -lm  >&5
configure:7640: $? = 0
configure:7658: result: yes
configure:7578: checking for fchdir
configure:7634: gcc -std=gnu99 -o conftest.exe -g -O2   conftest.c -ltiff -lm  >&5
configure:7640: $? = 0
configure:7658: result: yes
configure:7578: checking for ftruncate
configure:7634: gcc -std=gnu99 -o conftest.exe -g -O2   conftest.c -ltiff -lm  >&5
configure:7640: $? = 0
configure:7658: result: yes
configure:7578: checking for getcwd
configure:7634: gcc -std=gnu99 -o conftest.exe -g -O2   conftest.c -ltiff -lm  >&5
configure:7640: $? = 0
configure:7658: result: yes
configure:7578: checking for getpagesize
configure:7634: gcc -std=gnu99 -o conftest.exe -g -O2   conftest.c -ltiff -lm  >&5
configure:7640: $? = 0
configure:7658: result: yes
configure:7578: checking for lchown
configure:7634: gcc -std=gnu99 -o conftest.exe -g -O2   conftest.c -ltiff -lm  >&5
configure:7640: $? = 0
configure:7658: result: yes
configure:7578: checking for mempcpy
configure:7634: gcc -std=gnu99 -o conftest.exe -g -O2   conftest.c -ltiff -lm  >&5
conftest.c:76: warning: conflicting types for built-in function 'mempcpy'
configure:7640: $? = 0
configure:7658: result: yes
configure:7578: checking for putenv
configure:7634: gcc -std=gnu99 -o conftest.exe -g -O2   conftest.c -ltiff -lm  >&5
configure:7640: $? = 0
configure:7658: result: yes
configure:7578: checking for setenv
configure:7634: gcc -std=gnu99 -o conftest.exe -g -O2   conftest.c -ltiff -lm  >&5
configure:7640: $? = 0
configure:7658: result: yes
configure:7578: checking for sqrt
configure:7634: gcc -std=gnu99 -o conftest.exe -g -O2   conftest.c -ltiff -lm  >&5
conftest.c:79: warning: conflicting types for built-in function 'sqrt'
configure:7640: $? = 0
configure:7658: result: yes
configure:7578: checking for stpcpy
configure:7634: gcc -std=gnu99 -o conftest.exe -g -O2   conftest.c -ltiff -lm  >&5
conftest.c:80: warning: conflicting types for built-in function 'stpcpy'
/cygdrive/c/DOCUME~1/santella/LOCALS~1/Temp/ccsj0XxU.o: In function `main':
/cygdrive/g/My Documents/canned_starrynite-1.3.3/conftest.c:91: undefined reference to `_stpcpy'
collect2: ld returned 1 exit status
configure:7640: $? = 1
configure: failed program was:
| /* confdefs.h.  */
| #define PACKAGE_NAME "starrynite"
| #define PACKAGE_TARNAME "starrynite"
| #define PACKAGE_VERSION "1.3.3"
| #define PACKAGE_STRING "starrynite 1.3.3"
| #define PACKAGE_BUGREPORT "starrynite-devel@lists.sourceforge.net"
| #define PACKAGE "starrynite"
| #define VERSION "1.3.3"
| #define STDC_HEADERS 1
| #define HAVE_SYS_TYPES_H 1
| #define HAVE_SYS_STAT_H 1
| #define HAVE_STDLIB_H 1
| #define HAVE_STRING_H 1
| #define HAVE_MEMORY_H 1
| #define HAVE_STRINGS_H 1
| #define HAVE_INTTYPES_H 1
| #define HAVE_STDINT_H 1
| #define HAVE_UNISTD_H 1
| #define __EXTENSIONS__ 1
| #define _ALL_SOURCE 1
| #define _GNU_SOURCE 1
| #define _POSIX_PTHREAD_SEMANTICS 1
| #define _TANDEM_SOURCE 1
| #define HAVE_LIBM 1
| #define HAVE_LIBTIFF 1
| #define STDC_HEADERS 1
| #define HAVE_INTTYPES_H 1
| #define HAVE_LIMITS_H 1
| #define HAVE_STDDEF_H 1
| #define HAVE_STDINT_H 1
| #define HAVE_STDLIB_H 1
| #define HAVE_STRING_H 1
| #define HAVE_SYS_PARAM_H 1
| #define HAVE_UNISTD_H 1
| #define HAVE_WCHAR_H 1
| #define HAVE__BOOL 1
| #define HAVE_STDBOOL_H 1
| #define restrict __restrict
| #define HAVE_PTRDIFF_T 1
| #define HAVE_UNISTD_H 1
| #define HAVE_CHOWN 1
| #define HAVE_STDLIB_H 1
| #define HAVE_MALLOC 1
| #define HAVE_STDLIB_H 1
| #define HAVE_REALLOC 1
| #define HAVE_DUP2 1
| #define HAVE_FCHDIR 1
| #define HAVE_FTRUNCATE 1
| #define HAVE_GETCWD 1
| #define HAVE_GETPAGESIZE 1
| #define HAVE_LCHOWN 1
| #define HAVE_MEMPCPY 1
| #define HAVE_PUTENV 1
| #define HAVE_SETENV 1
| #define HAVE_SQRT 1
| /* end confdefs.h.  */
| /* Define stpcpy to an innocuous variant, in case <limits.h> declares stpcpy.
|    For example, HP-UX 11i <limits.h> declares gettimeofday.  */
| #define stpcpy innocuous_stpcpy
| 
| /* System header to define __stub macros and hopefully few prototypes,
|     which can conflict with char stpcpy (); below.
|     Prefer <limits.h> to <assert.h> if __STDC__ is defined, since
|     <limits.h> exists even on freestanding compilers.  */
| 
| #ifdef __STDC__
| # include <limits.h>
| #else
| # include <assert.h>
| #endif
| 
| #undef stpcpy
| 
| /* Override any GCC internal prototype to avoid an error.
|    Use char because int might match the return type of a GCC
|    builtin and then its argument prototype would still apply.  */
| #ifdef __cplusplus
| extern "C"
| #endif
| char stpcpy ();
| /* The GNU C library defines this for functions which it implements
|     to always fail with ENOSYS.  Some functions are actually named
|     something starting with __ and the normal name is an alias.  */
| #if defined __stub_stpcpy || defined __stub___stpcpy
| choke me
| #endif
| 
| int
| main ()
| {
| return stpcpy ();
|   ;
|   return 0;
| }
configure:7658: result: no
configure:7578: checking for strchr
configure:7634: gcc -std=gnu99 -o conftest.exe -g -O2   conftest.c -ltiff -lm  >&5
conftest.c:80: warning: conflicting types for built-in function 'strchr'
configure:7640: $? = 0
configure:7658: result: yes
configure:7578: checking for strcspn
configure:7634: gcc -std=gnu99 -o conftest.exe -g -O2   conftest.c -ltiff -lm  >&5
conftest.c:81: warning: conflicting types for built-in function 'strcspn'
configure:7640: $? = 0
configure:7658: result: yes
configure:7578: checking for strdup
configure:7634: gcc -std=gnu99 -o conftest.exe -g -O2   conftest.c -ltiff -lm  >&5
conftest.c:82: warning: conflicting types for built-in function 'strdup'
configure:7640: $? = 0
configure:7658: result: yes
configure:7578: checking for strerror
configure:7634: gcc -std=gnu99 -o conftest.exe -g -O2   conftest.c -ltiff -lm  >&5
configure:7640: $? = 0
configure:7658: result: yes
configure:7578: checking for strndup
configure:7634: gcc -std=gnu99 -o conftest.exe -g -O2   conftest.c -ltiff -lm  >&5
configure:7640: $? = 0
configure:7658: result: yes
configure:7578: checking for strpbrk
configure:7634: gcc -std=gnu99 -o conftest.exe -g -O2   conftest.c -ltiff -lm  >&5
conftest.c:85: warning: conflicting types for built-in function 'strpbrk'
configure:7640: $? = 0
configure:7658: result: yes
configure:7578: checking for strrchr
configure:7634: gcc -std=gnu99 -o conftest.exe -g -O2   conftest.c -ltiff -lm  >&5
conftest.c:86: warning: conflicting types for built-in function 'strrchr'
configure:7640: $? = 0
configure:7658: result: yes
configure:7578: checking for strspn
configure:7634: gcc -std=gnu99 -o conftest.exe -g -O2   conftest.c -ltiff -lm  >&5
conftest.c:87: warning: conflicting types for built-in function 'strspn'
configure:7640: $? = 0
configure:7658: result: yes
configure:7578: checking for strstr
configure:7634: gcc -std=gnu99 -o conftest.exe -g -O2   conftest.c -ltiff -lm  >&5
conftest.c:88: warning: conflicting types for built-in function 'strstr'
configure:7640: $? = 0
configure:7658: result: yes
configure:7578: checking for wcwidth
configure:7634: gcc -std=gnu99 -o conftest.exe -g -O2   conftest.c -ltiff -lm  >&5
configure:7640: $? = 0
configure:7658: result: yes
configure:7670: checking for long long int
configure:7717: gcc -std=gnu99 -o conftest.exe -g -O2   conftest.c -ltiff -lm  >&5
configure:7723: $? = 0
configure:7768: gcc -std=gnu99 -o conftest.exe -g -O2   conftest.c -ltiff -lm  >&5
configure:7771: $? = 0
configure:7777: ./conftest.exe
configure:7780: $? = 0
configure:7805: result: yes
configure:7816: checking for unsigned long long int
configure:7863: gcc -std=gnu99 -o conftest.exe -g -O2   conftest.c -ltiff -lm  >&5
configure:7869: $? = 0
configure:7886: result: yes
configure:7898: checking whether the preprocessor supports include_next
configure:7931: gcc -std=gnu99 -c -g -O2  -Iconftestd1 -Iconftestd2 conftest.c >&5
configure:7937: $? = 0
configure:7955: result: yes
configure:7979: checking for stdint.h
configure:7985: result: yes
configure:7979: checking for wchar.h
configure:7985: result: yes
configure:7979: checking for stdlib.h
configure:7985: result: yes
configure:7979: checking for string.h
configure:7985: result: yes
configure:7979: checking for unistd.h
configure:7985: result: yes
configure:8413: checking whether stdint.h conforms to C99
configure:8592: gcc -std=gnu99 -c -g -O2  conftest.c >&5
configure:8598: $? = 0
configure:8613: result: yes
configure:9506: checking whether <wchar.h> is standalone
configure:9521: gcc -std=gnu99 -c -g -O2  conftest.c >&5
configure:9527: $? = 0
configure:9542: result: yes
configure:9620: checking for wchar_t
configure:9647: gcc -std=gnu99 -c -g -O2  conftest.c >&5
configure:9653: $? = 0
configure:9668: result: yes
configure:9679: checking for wint_t
configure:9714: gcc -std=gnu99 -c -g -O2  conftest.c >&5
configure:9720: $? = 0
configure:9735: result: yes
configure:9757: checking whether to enable maintainer-specific portions of Makefiles
configure:9766: result: no
configure:9960: creating ./config.status

## ---------------------- ##
## Running config.status. ##
## ---------------------- ##

This file was extended by starrynite config.status 1.3.3, which was
generated by GNU Autoconf 2.61.  Invocation command line was

  CONFIG_FILES    = 
  CONFIG_HEADERS  = 
  CONFIG_LINKS    = 
  CONFIG_COMMANDS = 
  $ ./config.status 

on WSKI3071

config.status:792: creating Makefile
config.status:792: creating src/Makefile
config.status:792: creating lib/Makefile
config.status:792: creating tests/Makefile
config.status:792: creating build-aux/config.h
config.status:1083: build-aux/config.h is unchanged
config.status:1129: executing depfiles commands

## ---------------- ##
## Cache variables. ##
## ---------------- ##

ac_cv_c_compiler_gnu=yes
ac_cv_c_const=yes
ac_cv_c_inline=inline
ac_cv_c_int16_t=yes
ac_cv_c_int32_t=yes
ac_cv_c_int64_t=yes
ac_cv_c_int8_t=yes
ac_cv_c_restrict=__restrict
ac_cv_c_uint16_t=yes
ac_cv_c_uint32_t=yes
ac_cv_c_uint64_t=yes
ac_cv_c_uint8_t=yes
ac_cv_env_CC_set=
ac_cv_env_CC_value=
ac_cv_env_CFLAGS_set=
ac_cv_env_CFLAGS_value=
ac_cv_env_CPPFLAGS_set=
ac_cv_env_CPPFLAGS_value=
ac_cv_env_CPP_set=
ac_cv_env_CPP_value=
ac_cv_env_GPERF_set=
ac_cv_env_GPERF_value=
ac_cv_env_LDFLAGS_set=
ac_cv_env_LDFLAGS_value=
ac_cv_env_LIBS_set=
ac_cv_env_LIBS_value=
ac_cv_env_build_alias_set=
ac_cv_env_build_alias_value=
ac_cv_env_host_alias_set=
ac_cv_env_host_alias_value=
ac_cv_env_target_alias_set=
ac_cv_env_target_alias_value=
ac_cv_exeext=.exe
ac_cv_func_chown_works=yes
ac_cv_func_dup2=yes
ac_cv_func_fchdir=yes
ac_cv_func_ftruncate=yes
ac_cv_func_getcwd=yes
ac_cv_func_getpagesize=yes
ac_cv_func_lchown=yes
ac_cv_func_malloc_0_nonnull=yes
ac_cv_func_mempcpy=yes
ac_cv_func_putenv=yes
ac_cv_func_realloc_0_nonnull=yes
ac_cv_func_setenv=yes
ac_cv_func_sqrt=yes
ac_cv_func_stpcpy=no
ac_cv_func_strchr=yes
ac_cv_func_strcspn=yes
ac_cv_func_strdup=yes
ac_cv_func_strerror=yes
ac_cv_func_strndup=yes
ac_cv_func_strnlen_working=yes
ac_cv_func_strpbrk=yes
ac_cv_func_strrchr=yes
ac_cv_func_strspn=yes
ac_cv_func_strstr=yes
ac_cv_func_wcwidth=yes
ac_cv_header_OS_h=no
ac_cv_header_inttypes_h=yes
ac_cv_header_limits_h=yes
ac_cv_header_memory_h=yes
ac_cv_header_minix_config_h=no
ac_cv_header_stdbool_h=yes
ac_cv_header_stdc=yes
ac_cv_header_stddef_h=yes
ac_cv_header_stdint_h=yes
ac_cv_header_stdlib_h=yes
ac_cv_header_string_h=yes
ac_cv_header_strings_h=yes
ac_cv_header_sys_param_h=yes
ac_cv_header_sys_stat_h=yes
ac_cv_header_sys_types_h=yes
ac_cv_header_unistd_h=yes
ac_cv_header_wchar_h=yes
ac_cv_lib_m_sqrt=yes
ac_cv_lib_tiff_TIFFOpen=yes
ac_cv_objext=o
ac_cv_path_EGREP='/usr/bin/grep -E'
ac_cv_path_GPERF=no
ac_cv_path_GREP=/usr/bin/grep
ac_cv_path_install='/usr/bin/install -c'
ac_cv_path_mkdir=/usr/bin/mkdir
ac_cv_prog_AWK=gawk
ac_cv_prog_CPP='gcc -E'
ac_cv_prog_ac_ct_CC=gcc
ac_cv_prog_ac_ct_RANLIB=ranlib
ac_cv_prog_cc_c89=
ac_cv_prog_cc_c99=-std=gnu99
ac_cv_prog_cc_g=yes
ac_cv_prog_make_make_set=yes
ac_cv_safe_to_define___extensions__=yes
ac_cv_struct_tm=time.h
ac_cv_type__Bool=yes
ac_cv_type_long_long_int=yes
ac_cv_type_off_t=yes
ac_cv_type_pid_t=yes
ac_cv_type_ptrdiff_t=yes
ac_cv_type_size_t=yes
ac_cv_type_ssize_t=yes
ac_cv_type_uid_t=yes
ac_cv_type_unsigned_long_long_int=yes
am_cv_CC_dependencies_compiler_type=gcc3
gl_cv_have_include_next=yes
gl_cv_header_wchar_h_standalone=yes
gl_cv_header_working_stdint_h=yes
gl_cv_next_stdint_h='<stdint.h>'
gl_cv_next_stdlib_h='<stdlib.h>'
gl_cv_next_string_h='<string.h>'
gl_cv_next_unistd_h='<unistd.h>'
gl_cv_next_wchar_h='<wchar.h>'
gt_cv_c_wchar_t=yes
gt_cv_c_wint_t=yes

## ----------------- ##
## Output variables. ##
## ----------------- ##

ACLOCAL='aclocal-1.10'
AMDEPBACKSLASH='\'
AMDEP_FALSE='#'
AMDEP_TRUE=''
AMTAR='tar'
AUTOCONF='autoconf'
AUTOHEADER='autoheader'
AUTOMAKE='automake-1.10'
AWK='gawk'
BITSIZEOF_PTRDIFF_T=''
BITSIZEOF_SIG_ATOMIC_T=''
BITSIZEOF_SIZE_T=''
BITSIZEOF_WCHAR_T=''
BITSIZEOF_WINT_T=''
CC='gcc -std=gnu99'
CCDEPMODE='depmode=gcc3'
CFLAGS='-g -O2'
CPP='gcc -E'
CPPFLAGS=''
CYGPATH_W='cygpath -w'
DEFS='-DHAVE_CONFIG_H'
DEPDIR='.deps'
ECHO_C=''
ECHO_N='-n'
ECHO_T=''
EGREP='/usr/bin/grep -E'
EXEEXT='.exe'
GL_COND_LIBTOOL_FALSE=''
GL_COND_LIBTOOL_TRUE='#'
GNULIB_CALLOC_POSIX='0'
GNULIB_CHOWN='0'
GNULIB_DUP2='0'
GNULIB_ENVIRON='0'
GNULIB_FCHDIR='0'
GNULIB_FTRUNCATE='0'
GNULIB_GETCWD='0'
GNULIB_GETLOGIN_R='0'
GNULIB_GETPAGESIZE='0'
GNULIB_GETSUBOPT='0'
GNULIB_LCHOWN='0'
GNULIB_LSEEK='0'
GNULIB_MALLOC_POSIX='0'
GNULIB_MBSCASECMP='0'
GNULIB_MBSCASESTR='0'
GNULIB_MBSCHR='0'
GNULIB_MBSCSPN='0'
GNULIB_MBSLEN='0'
GNULIB_MBSNCASECMP='0'
GNULIB_MBSNLEN='0'
GNULIB_MBSPBRK='0'
GNULIB_MBSPCASECMP='0'
GNULIB_MBSRCHR='0'
GNULIB_MBSSEP='0'
GNULIB_MBSSPN='0'
GNULIB_MBSSTR='0'
GNULIB_MBSTOK_R='0'
GNULIB_MEMMEM='0'
GNULIB_MEMPCPY='0'
GNULIB_MEMRCHR='0'
GNULIB_MKDTEMP='0'
GNULIB_MKSTEMP='0'
GNULIB_PUTENV='0'
GNULIB_READLINK='0'
GNULIB_REALLOC_POSIX='0'
GNULIB_SETENV='0'
GNULIB_SLEEP='0'
GNULIB_STPCPY='0'
GNULIB_STPNCPY='0'
GNULIB_STRCASESTR='0'
GNULIB_STRCHRNUL='0'
GNULIB_STRDUP='0'
GNULIB_STRERROR='0'
GNULIB_STRNDUP='0'
GNULIB_STRNLEN='0'
GNULIB_STRPBRK='0'
GNULIB_STRSEP='0'
GNULIB_STRSIGNAL='0'
GNULIB_STRSTR='0'
GNULIB_STRTOK_R='0'
GNULIB_UNSETENV='0'
GNULIB_WCWIDTH='0'
GPERF='no'
GREP='/usr/bin/grep'
HAVE_CALLOC_POSIX='1'
HAVE_DECL_ENVIRON='1'
HAVE_DECL_GETLOGIN_R='1'
HAVE_DECL_MEMMEM='1'
HAVE_DECL_MEMRCHR='1'
HAVE_DECL_STRDUP='1'
HAVE_DECL_STRERROR='1'
HAVE_DECL_STRNDUP='1'
HAVE_DECL_STRNLEN='1'
HAVE_DECL_STRSIGNAL='1'
HAVE_DECL_STRTOK_R='1'
HAVE_DECL_WCWIDTH='1'
HAVE_DUP2='1'
HAVE_FTRUNCATE='1'
HAVE_GETPAGESIZE='1'
HAVE_GETSUBOPT='1'
HAVE_GPERF_FALSE=''
HAVE_GPERF_TRUE='#'
HAVE_INTTYPES_H='1'
HAVE_LONG_LONG_INT='1'
HAVE_MALLOC_POSIX='1'
HAVE_MEMPCPY='1'
HAVE_MKDTEMP='1'
HAVE_OS_H='0'
HAVE_READLINK='1'
HAVE_REALLOC_POSIX='1'
HAVE_SETENV='1'
HAVE_SIGNED_SIG_ATOMIC_T=''
HAVE_SIGNED_WCHAR_T=''
HAVE_SIGNED_WINT_T=''
HAVE_SLEEP='1'
HAVE_STDINT_H='1'
HAVE_STPCPY='1'
HAVE_STPNCPY='1'
HAVE_STRCASESTR='1'
HAVE_STRCHRNUL='1'
HAVE_STRNDUP='1'
HAVE_STRPBRK='1'
HAVE_STRSEP='1'
HAVE_SYS_BITYPES_H=''
HAVE_SYS_INTTYPES_H=''
HAVE_SYS_PARAM_H='0'
HAVE_SYS_TYPES_H='1'
HAVE_UNISTD_H='1'
HAVE_UNSETENV='1'
HAVE_UNSIGNED_LONG_LONG_INT='1'
HAVE_WCHAR_H='1'
HAVE__BOOL='1'
INCLUDE_NEXT='include_next'
INSTALL_DATA='${INSTALL} -m 644'
INSTALL_PROGRAM='${INSTALL}'
INSTALL_SCRIPT='${INSTALL}'
INSTALL_STRIP_PROGRAM='$(install_sh) -c -s'
LDFLAGS=''
LIBGNU_LIBDEPS=''
LIBGNU_LTLIBDEPS=''
LIBOBJS=''
LIBS='-ltiff -lm '
LIBTESTS_LIBDEPS=''
LTLIBOBJS=''
MAINT='#'
MAINTAINER_MODE_FALSE=''
MAINTAINER_MODE_TRUE='#'
MAKEINFO='makeinfo'
NEXT_STDINT_H='<stdint.h>'
NEXT_STDLIB_H='<stdlib.h>'
NEXT_STRING_H='<string.h>'
NEXT_UNISTD_H='<unistd.h>'
NEXT_WCHAR_H='<wchar.h>'
OBJEXT='o'
PACKAGE='starrynite'
PACKAGE_BUGREPORT='starrynite-devel@lists.sourceforge.net'
PACKAGE_NAME='starrynite'
PACKAGE_STRING='starrynite 1.3.3'
PACKAGE_TARNAME='starrynite'
PACKAGE_VERSION='1.3.3'
PATH_SEPARATOR=':'
PTRDIFF_T_SUFFIX=''
RANLIB='ranlib'
REPLACE_CHOWN='0'
REPLACE_FCHDIR='0'
REPLACE_GETCWD='0'
REPLACE_GETPAGESIZE='0'
REPLACE_LCHOWN='0'
REPLACE_LSEEK='0'
REPLACE_MEMMEM='0'
REPLACE_MKSTEMP='0'
REPLACE_PUTENV='0'
REPLACE_STRCASESTR='0'
REPLACE_STRERROR='0'
REPLACE_STRSIGNAL='0'
REPLACE_STRSTR='0'
REPLACE_WCWIDTH='0'
SET_MAKE=''
SHELL='/bin/sh'
SIG_ATOMIC_T_SUFFIX=''
SIZE_T_SUFFIX=''
STDBOOL_H=''
STDINT_H=''
STRIP=''
VERSION='1.3.3'
VOID_UNSETENV='0'
WCHAR_H=''
WCHAR_T_SUFFIX=''
WINT_T_SUFFIX=''
ac_ct_CC='gcc'
am__fastdepCC_FALSE='#'
am__fastdepCC_TRUE=''
am__include='include'
am__isrc=''
am__leading_dot='.'
am__quote=''
am__tar='${AMTAR} chof - "$$tardir"'
am__untar='${AMTAR} xf -'
bindir='${exec_prefix}/bin'
build_alias=''
datadir='${datarootdir}'
datarootdir='${prefix}/share'
docdir='${datarootdir}/doc/${PACKAGE_TARNAME}'
dvidir='${docdir}'
exec_prefix='${prefix}'
gl_LIBOBJS=''
gl_LTLIBOBJS=''
gltests_LIBOBJS=''
gltests_LTLIBOBJS=''
host_alias=''
htmldir='${docdir}'
includedir='${prefix}/include'
infodir='${datarootdir}/info'
install_sh='$(SHELL) /cygdrive/g/My Documents/canned_starrynite-1.3.3/build-aux/install-sh'
libdir='${exec_prefix}/lib'
libexecdir='${exec_prefix}/libexec'
localedir='${datarootdir}/locale'
localstatedir='${prefix}/var'
mandir='${datarootdir}/man'
mkdir_p='/usr/bin/mkdir -p'
oldincludedir='/usr/include'
pdfdir='${docdir}'
prefix='/usr/local'
program_transform_name='s,x,x,'
psdir='${docdir}'
sbindir='${exec_prefix}/sbin'
sharedstatedir='${prefix}/com'
sysconfdir='${prefix}/etc'
target_alias=''

## ----------- ##
## confdefs.h. ##
## ----------- ##

#define PACKAGE_NAME "starrynite"
#define PACKAGE_TARNAME "starrynite"
#define PACKAGE_VERSION "1.3.3"
#define PACKAGE_STRING "starrynite 1.3.3"
#define PACKAGE_BUGREPORT "starrynite-devel@lists.sourceforge.net"
#define PACKAGE "starrynite"
#define VERSION "1.3.3"
#define STDC_HEADERS 1
#define HAVE_SYS_TYPES_H 1
#define HAVE_SYS_STAT_H 1
#define HAVE_STDLIB_H 1
#define HAVE_STRING_H 1
#define HAVE_MEMORY_H 1
#define HAVE_STRINGS_H 1
#define HAVE_INTTYPES_H 1
#define HAVE_STDINT_H 1
#define HAVE_UNISTD_H 1
#define __EXTENSIONS__ 1
#define _ALL_SOURCE 1
#define _GNU_SOURCE 1
#define _POSIX_PTHREAD_SEMANTICS 1
#define _TANDEM_SOURCE 1
#define HAVE_LIBM 1
#define HAVE_LIBTIFF 1
#define STDC_HEADERS 1
#define HAVE_INTTYPES_H 1
#define HAVE_LIMITS_H 1
#define HAVE_STDDEF_H 1
#define HAVE_STDINT_H 1
#define HAVE_STDLIB_H 1
#define HAVE_STRING_H 1
#define HAVE_SYS_PARAM_H 1
#define HAVE_UNISTD_H 1
#define HAVE_WCHAR_H 1
#define HAVE__BOOL 1
#define HAVE_STDBOOL_H 1
#define restrict __restrict
#define HAVE_PTRDIFF_T 1
#define HAVE_UNISTD_H 1
#define HAVE_CHOWN 1
#define HAVE_STDLIB_H 1
#define HAVE_MALLOC 1
#define HAVE_STDLIB_H 1
#define HAVE_REALLOC 1
#define HAVE_DUP2 1
#define HAVE_FCHDIR 1
#define HAVE_FTRUNCATE 1
#define HAVE_GETCWD 1
#define HAVE_GETPAGESIZE 1
#define HAVE_LCHOWN 1
#define HAVE_MEMPCPY 1
#define HAVE_PUTENV 1
#define HAVE_SETENV 1
#define HAVE_SQRT 1
#define HAVE_STRCHR 1
#define HAVE_STRCSPN 1
#define HAVE_STRDUP 1
#define HAVE_STRERROR 1
#define HAVE_STRNDUP 1
#define HAVE_STRPBRK 1
#define HAVE_STRRCHR 1
#define HAVE_STRSPN 1
#define HAVE_STRSTR 1
#define HAVE_WCWIDTH 1
#define HAVE_LONG_LONG_INT 1
#define HAVE_UNSIGNED_LONG_LONG_INT 1
#define HAVE_INCLUDE_NEXT 1
#define HAVE_STDINT_H 1
#define HAVE_WCHAR_H 1
#define HAVE_STDLIB_H 1
#define HAVE_STRING_H 1
#define HAVE_UNISTD_H 1
#define HAVE_WCHAR_T 1
#define HAVE_WINT_T 1

configure: exit 0
